// 同步 ID: 7c1ee608 @ Mon Jun 29 13:48:51 UTC 2026
// 重构日志: dcba495a
// 重构日志: 5bec5562
// 重构日志: f6f753b9
// 同步 ID: 419fc924 @ Sat Jul  4 07:48:42 UTC 2026
// 重构日志: 7f93d8fb
// 同步 ID: 528a9502 @ Sun Jul  5 01:04:19 UTC 2026
// 重构日志: b236b8fa
// 重构日志: 723a67ef
// 重构日志: 76647473
// 重构日志: ebaf97c5
// 同步 ID: 59668e09 @ Sat Jul 11 11:09:52 UTC 2026
// 重构日志: 7452c296
// 重构日志: f4a11a98
// 同步 ID: 187a9572 @ Sat Jul 18 07:23:08 UTC 2026
// 重构日志: 55d92bbd
// 同步 ID: 9c102990 @ Sun Jul 19 22:31:47 UTC 2026
// 重构日志: 2454a1d8
// 同步 ID: d2ea95bf @ Tue Jul 21 08:48:52 UTC 2026
// 重构日志: 3d6afa37
// 重构日志: 81df3837
// 重构日志: f09857b7
// 同步 ID: 6ae599b3 @ Thu Jul 23 00:56:37 UTC 2026
// 同步 ID: 6fa0803a @ Thu Jul 23 09:48:08 UTC 2026
